<?xml version="1.0" encoding="UTF-8"?>
<!-- Generated by org.testng.reporters.JUnitReportReporter -->
<testsuite skipped="0" hostname="ICPL12712" name="wallethub.test.App" tests="1" failures="0" timestamp="14 Jul 2019 13:59:37 GMT" time="30.421" errors="0">
  <testcase name="assignmentTwo" time="30.421" classname="wallethub.test.App"/>
</testsuite> <!-- wallethub.test.App -->
